# JRE version: OpenJDK Runtime Environment Microsoft-11926163 (17.0.16+8) (build 17.0.16+8-LTS)
# Java VM: OpenJDK 64-Bit Server VM Microsoft-11926163 (17.0.16+8-LTS, mixed mode, sharing, tiered, compressed oops, compressed class ptrs, g1 gc, windows-amd64)
GC Precious Log:
 CPUs: 12 total, 12 available
 Memory: 16155M
 Large Page Support: Disabled
 NUMA Support: Disabled
 Compressed Oops: Enabled (Zero based)
 Heap Region Size: 2M
 Heap Min Capacity: 8M
 Heap Initial Capacity: 254M
 Heap Max Capacity: 4040M
 Pre-touch: Disabled
 Parallel Workers: 10
 Concurrent Workers: 3
 Concurrent Refinement Workers: 10
 Periodic GC: Disabled
Heap:
 garbage-first heap   total 98304K, used 49307K [0x0000000703800000, 0x0000000800000000)
  region size 2048K, 10 young (20480K), 2 survivors (4096K)
 Metaspace       used 64313K, committed 64896K, reserved 1114112K
  class space    used 9198K, committed 9472K, reserved 1048576K
GC Heap History (20 events):
Event: 3.081 GC heap before
{Heap before GC invocations=8 (full 0):
 garbage-first heap   total 61440K, used 42313K [0x0000000703800000, 0x0000000800000000)
  region size 2048K, 13 young (26624K), 2 survivors (4096K)
 Metaspace       used 35359K, committed 35712K, reserved 1114112K
  class space    used 4680K, committed 4864K, reserved 1048576K
}
Event: 3.086 GC heap after
{Heap after GC invocations=9 (full 0):
 garbage-first heap   total 161792K, used 20980K [0x0000000703800000, 0x0000000800000000)
  region size 2048K, 1 young (2048K), 1 survivors (2048K)
 Metaspace       used 35359K, committed 35712K, reserved 1114112K
  class space    used 4680K, committed 4864K, reserved 1048576K
}
Event: 3.102 GC heap before
{Heap before GC invocations=9 (full 0):
 garbage-first heap   total 161792K, used 20980K [0x0000000703800000, 0x0000000800000000)
  region size 2048K, 2 young (4096K), 1 survivors (2048K)
 Metaspace       used 35597K, committed 35968K, reserved 1114112K
  class space    used 4726K, committed 4928K, reserved 1048576K
}
Event: 3.104 GC heap after
{Heap after GC invocations=10 (full 0):
 garbage-first heap   total 161792K, used 20784K [0x0000000703800000, 0x0000000800000000)
  region size 2048K, 1 young (2048K), 1 survivors (2048K)
 Metaspace       used 35597K, committed 35968K, reserved 1114112K
  class space    used 4726K, committed 4928K, reserved 1048576K
}
Event: 3.940 GC heap before
{Heap before GC invocations=11 (full 0):
 garbage-first heap   total 81920K, used 67888K [0x0000000703800000, 0x0000000800000000)
  region size 2048K, 24 young (49152K), 1 survivors (2048K)
 Metaspace       used 47483K, committed 48000K, reserved 1114112K
  class space    used 6299K, committed 6528K, reserved 1048576K
}
Event: 3.944 GC heap after
{Heap after GC invocations=12 (full 0):
 garbage-first heap   total 81920K, used 23456K [0x0000000703800000, 0x0000000800000000)
  region size 2048K, 2 young (4096K), 2 survivors (4096K)
 Metaspace       used 47483K, committed 48000K, reserved 1114112K
  class space    used 6299K, committed 6528K, reserved 1048576K
}
Event: 4.579 GC heap before
{Heap before GC invocations=12 (full 0):
 garbage-first heap   total 81920K, used 62368K [0x0000000703800000, 0x0000000800000000)
  region size 2048K, 21 young (43008K), 2 survivors (4096K)
 Metaspace       used 56425K, committed 57024K, reserved 1114112K
  class space    used 7779K, committed 8064K, reserved 1048576K
}
Event: 4.584 GC heap after
{Heap after GC invocations=13 (full 0):
 garbage-first heap   total 81920K, used 25342K [0x0000000703800000, 0x0000000800000000)
  region size 2048K, 3 young (6144K), 3 survivors (6144K)
 Metaspace       used 56425K, committed 57024K, reserved 1114112K
  class space    used 7779K, committed 8064K, reserved 1048576K
}
Event: 4.812 GC heap before
{Heap before GC invocations=13 (full 0):
 garbage-first heap   total 81920K, used 37630K [0x0000000703800000, 0x0000000800000000)
  region size 2048K, 10 young (20480K), 3 survivors (6144K)
 Metaspace       used 59604K, committed 60096K, reserved 1114112K
  class space    used 8336K, committed 8576K, reserved 1048576K
}
Event: 4.818 GC heap after
{Heap after GC invocations=14 (full 0):
 garbage-first heap   total 81920K, used 26155K [0x0000000703800000, 0x0000000800000000)
  region size 2048K, 2 young (4096K), 2 survivors (4096K)
 Metaspace       used 59604K, committed 60096K, reserved 1114112K
  class space    used 8336K, committed 8576K, reserved 1048576K
}
Event: 5.037 GC heap before
{Heap before GC invocations=15 (full 0):
 garbage-first heap   total 81920K, used 63019K [0x0000000703800000, 0x0000000800000000)
  region size 2048K, 20 young (40960K), 2 survivors (4096K)
 Metaspace       used 61659K, committed 62272K, reserved 1114112K
  class space    used 8812K, committed 9088K, reserved 1048576K
}
Event: 5.043 GC heap after
{Heap after GC invocations=16 (full 0):
 garbage-first heap   total 81920K, used 28650K [0x0000000703800000, 0x0000000800000000)
  region size 2048K, 3 young (6144K), 3 survivors (6144K)
 Metaspace       used 61659K, committed 62272K, reserved 1114112K
  class space    used 8812K, committed 9088K, reserved 1048576K
}
Event: 5.339 GC heap before
{Heap before GC invocations=16 (full 0):
 garbage-first heap   total 81920K, used 63466K [0x0000000703800000, 0x0000000800000000)
  region size 2048K, 20 young (40960K), 3 survivors (6144K)
 Metaspace       used 64155K, committed 64768K, reserved 1114112K
  class space    used 9179K, committed 9472K, reserved 1048576K
}
Event: 5.343 GC heap after
{Heap after GC invocations=17 (full 0):
 garbage-first heap   total 81920K, used 32276K [0x0000000703800000, 0x0000000800000000)
  region size 2048K, 3 young (6144K), 3 survivors (6144K)
 Metaspace       used 64155K, committed 64768K, reserved 1114112K
  class space    used 9179K, committed 9472K, reserved 1048576K
}
Event: 5.484 GC heap before
{Heap before GC invocations=17 (full 0):
 garbage-first heap   total 81920K, used 60948K [0x0000000703800000, 0x0000000800000000)
  region size 2048K, 17 young (34816K), 3 survivors (6144K)
 Metaspace       used 64161K, committed 64768K, reserved 1114112K
  class space    used 9179K, committed 9472K, reserved 1048576K
}
Event: 5.488 GC heap after
{Heap after GC invocations=18 (full 0):
 garbage-first heap   total 98304K, used 35358K [0x0000000703800000, 0x0000000800000000)
  region size 2048K, 2 young (4096K), 2 survivors (4096K)
 Metaspace       used 64161K, committed 64768K, reserved 1114112K
  class space    used 9179K, committed 9472K, reserved 1048576K
}
Event: 5.649 GC heap before
{Heap before GC invocations=18 (full 0):
 garbage-first heap   total 98304K, used 72222K [0x0000000703800000, 0x0000000800000000)
  region size 2048K, 20 young (40960K), 2 survivors (4096K)
 Metaspace       used 64201K, committed 64768K, reserved 1114112K
  class space    used 9181K, committed 9472K, reserved 1048576K
}
Event: 5.651 GC heap after
{Heap after GC invocations=19 (full 0):
 garbage-first heap   total 98304K, used 35711K [0x0000000703800000, 0x0000000800000000)
  region size 2048K, 2 young (4096K), 2 survivors (4096K)
 Metaspace       used 64201K, committed 64768K, reserved 1114112K
  class space    used 9181K, committed 9472K, reserved 1048576K
}
Event: 5.776 GC heap before
{Heap before GC invocations=19 (full 0):
 garbage-first heap   total 98304K, used 74623K [0x0000000703800000, 0x0000000800000000)
  region size 2048K, 21 young (43008K), 2 survivors (4096K)
 Metaspace       used 64206K, committed 64768K, reserved 1114112K
  class space    used 9181K, committed 9472K, reserved 1048576K
}
Event: 5.777 GC heap after
{Heap after GC invocations=20 (full 0):
 garbage-first heap   total 98304K, used 34971K [0x0000000703800000, 0x0000000800000000)
  region size 2048K, 2 young (4096K), 2 survivors (4096K)
 Metaspace       used 64206K, committed 64768K, reserved 1114112K
  class space    used 9181K, committed 9472K, reserved 1048576K
}

